[debug] [2022-08-09T12:47:48.308Z] ----------------------------------------------------------------------
[debug] [2022-08-09T12:47:48.309Z] Command:       /usr/local/bin/node /opt/homebrew/bin/firebase emulators:start --only auth
[debug] [2022-08-09T12:47:48.309Z] CLI Version:   11.2.1
[debug] [2022-08-09T12:47:48.310Z] Platform:      darwin
[debug] [2022-08-09T12:47:48.310Z] Node Version:  v16.15.0
[debug] [2022-08-09T12:47:48.311Z] Time:          Tue Aug 09 2022 14:47:48 GMT+0200 (heure d’été d’Europe centrale)
[debug] [2022-08-09T12:47:48.311Z] ----------------------------------------------------------------------
[debug] 
[debug] [2022-08-09T12:47:48.341Z] > command requires scopes: ["email","openid","https://www.googleapis.com/auth/cloudplatformprojects.readonly","https://www.googleapis.com/auth/firebase","https://www.googleapis.com/auth/cloud-platform"]
[debug] [2022-08-09T12:47:48.341Z] > authorizing via signed-in user (bilalezzaa1@gmail.com)
[info] i  emulators: Starting emulators: auth {"metadata":{"emulator":{"name":"hub"},"message":"Starting emulators: auth"}}
[debug] [2022-08-09T12:47:48.364Z] [hub] writing locator at /var/folders/c9/ph064ztx11d5s2tlp1kpbtmm0000gn/T/hub-reservia-c4dd4.json
[info] i  ui: downloading ui-v1.7.0.zip... {"metadata":{"emulator":{"name":"ui"},"message":"downloading ui-v1.7.0.zip..."}}
[debug] [2022-08-09T12:47:51.347Z] >>> [apiv2][query] GET https://storage.googleapis.com/firebase-preview-drop/emulator/ui-v1.7.0.zip 
[debug] [2022-08-09T12:47:51.400Z] <<< [apiv2][status] GET https://storage.googleapis.com/firebase-preview-drop/emulator/ui-v1.7.0.zip 200
[debug] [2022-08-09T12:47:51.400Z] <<< [apiv2][body] GET https://storage.googleapis.com/firebase-preview-drop/emulator/ui-v1.7.0.zip [stream]
[debug] [2022-08-09T12:47:52.221Z] Ignoring unsupported arg: auto_download {"metadata":{"emulator":{"name":"ui"},"message":"Ignoring unsupported arg: auto_download"}}
[debug] [2022-08-09T12:47:52.221Z] Ignoring unsupported arg: port {"metadata":{"emulator":{"name":"ui"},"message":"Ignoring unsupported arg: port"}}
[debug] [2022-08-09T12:47:52.221Z] Starting Emulator UI with command {"binary":"node","args":["--dns-result-order=ipv4first","/Users/bilalezzaaraoui/.cache/firebase/emulators/ui-v1.7.0/server.bundle.js"],"optionalArgs":[],"joinArgs":false} {"metadata":{"emulator":{"name":"ui"},"message":"Starting Emulator UI with command {\"binary\":\"node\",\"args\":[\"--dns-result-order=ipv4first\",\"/Users/bilalezzaaraoui/.cache/firebase/emulators/ui-v1.7.0/server.bundle.js\"],\"optionalArgs\":[],\"joinArgs\":false}"}}
[info] i  ui: Emulator UI logging to ui-debug.log {"metadata":{"emulator":{"name":"ui"},"message":"Emulator UI logging to \u001b[1mui-debug.log\u001b[22m"}}
[debug] [2022-08-09T12:47:52.287Z] Web / API server started at localhost:4000
 {"metadata":{"emulator":{"name":"ui"},"message":"Web / API server started at localhost:4000\n"}}
[info] 
┌─────────────────────────────────────────────────────────────┐
│ ✔  All emulators ready! It is now safe to connect your app. │
│ i  View Emulator UI at http://localhost:4000                │
└─────────────────────────────────────────────────────────────┘

┌────────────────┬────────────────┬────────────────────────────┐
│ Emulator       │ Host:Port      │ View in Emulator UI        │
├────────────────┼────────────────┼────────────────────────────┤
│ Authentication │ localhost:9099 │ http://localhost:4000/auth │
└────────────────┴────────────────┴────────────────────────────┘
  Emulator Hub running at localhost:4400
  Other reserved ports: 4500

Issues? Report them at https://github.com/firebase/firebase-tools/issues and attach the *-debug.log files.
 
[info] i  To verify the email address aventador83520@gmail.com, follow this link: http://localhost:9099/emulator/action?mode=verifyEmail&lang=en&oobCode=1dKl1statP3LGM3WurdWhwXEJ1bcNVHfiUoyqpPj_qgufEACay968o&apiKey=fake-api-key {"metadata":{"emulator":{"name":"auth"},"message":"To verify the email address aventador83520@gmail.com, follow this link: http://localhost:9099/emulator/action?mode=verifyEmail&lang=en&oobCode=1dKl1statP3LGM3WurdWhwXEJ1bcNVHfiUoyqpPj_qgufEACay968o&apiKey=fake-api-key"}}
[info] i  To verify the email address bilalezzaa1@gmail.com, follow this link: http://localhost:9099/emulator/action?mode=verifyEmail&lang=en&oobCode=Pz9oa_epODVBHZU-UMWtgxAUJ9NavDncnNp4WPgJz1On8R2eJgosoQ&apiKey=fake-api-key {"metadata":{"emulator":{"name":"auth"},"message":"To verify the email address bilalezzaa1@gmail.com, follow this link: http://localhost:9099/emulator/action?mode=verifyEmail&lang=en&oobCode=Pz9oa_epODVBHZU-UMWtgxAUJ9NavDncnNp4WPgJz1On8R2eJgosoQ&apiKey=fake-api-key"}}
